<?xml version="1.0" encoding="UTF-8"?>
<testsuite name="ru.stqa.pft.sandbox.SquareTests" tests="1" skipped="0" failures="0" errors="0" timestamp="2021-01-10T20:31:47" hostname="LAPTOP-4NO6NHSS" time="0.01">
  <properties/>
  <testcase name="testArea" classname="ru.stqa.pft.sandbox.SquareTests" time="0.01"/>
  <system-out><![CDATA[]]></system-out>
  <system-err><![CDATA[]]></system-err>
</testsuite>
